Using pre-set license
Built from '2020.3/release' branch; Version is '2020.3.1f1 (77a89f25062f) revision 7841951'; Using compiler version '192528614'; Build Type 'Release'
OS: 'Windows 10 Pro; OS build 19042.928; Version 2009; 64bit' Language: 'ru' Physical Memory: 16346 MB
BatchMode: 1, IsHumanControllingUs: 0, StartBugReporterOnCrash: 0, Is64bit: 1, IsPro: 0

 COMMAND LINE ARGUMENTS:
C:\Program Files\Unity\Hub\Editor\2020.3.1f1\Editor\Unity.exe
-adb2
-batchMode
-noUpm
-name
AssetImportWorker0
-projectPath
C:/Users/mchiz/Desktop/LogRush/LogRush
-logFile
Logs/AssetImportWorker0.log
-srvPort
53563
Successfully changed project path to: C:/Users/mchiz/Desktop/LogRush/LogRush
C:/Users/mchiz/Desktop/LogRush/LogRush
Using Asset Import Pipeline V2.
Refreshing native plugins compatible for Editor in 65.57 ms, found 1 plugins.
Preloading 0 native plugins for Editor in 0.00 ms.
Initialize engine version: 2020.3.1f1 (77a89f25062f)
[Subsystems] Discovering subsystems at path C:/Program Files/Unity/Hub/Editor/2020.3.1f1/Editor/Data/Resources/UnitySubsystems
[Subsystems] Discovering subsystems at path C:/Users/mchiz/Desktop/LogRush/LogRush/Assets
GfxDevice: creating device client; threaded=0
Direct3D:
    Version:  Direct3D 11.0 [level 11.1]
    Renderer: NVIDIA GeForce GTX 1080 (ID=0x1b80)
    Vendor:   
    VRAM:     8079 MB
    Driver:   27.21.14.5671
Initialize mono
Mono path[0] = 'C:/Program Files/Unity/Hub/Editor/2020.3.1f1/Editor/Data/Managed'
Mono path[1] = 'C:/Program Files/Unity/Hub/Editor/2020.3.1f1/Editor/Data/MonoBleedingEdge/lib/mono/unityjit'
Mono config path = 'C:/Program Files/Unity/Hub/Editor/2020.3.1f1/Editor/Data/MonoBleedingEdge/etc'
Using monoOptions --debugger-agent=transport=dt_socket,embedding=1,server=y,suspend=n,address=127.0.0.1:56020
Begin MonoManager ReloadAssembly
Registering precompiled unity dll's ...
Register platform support module: C:/Program Files/Unity/Hub/Editor/2020.3.1f1/Editor/Data/PlaybackEngines/WebGLSupport/UnityEditor.WebGL.Extensions.dll
Register platform support module: C:/Program Files/Unity/Hub/Editor/2020.3.1f1/Editor/Data/PlaybackEngines/WindowsStandaloneSupport/UnityEditor.WindowsStandalone.Extensions.dll
Registered in 0.002063 seconds.
Native extension for WindowsStandalone target not found
Native extension for WebGL target not found
Refreshing native plugins compatible for Editor in 43.53 ms, found 1 plugins.
Preloading 0 native plugins for Editor in 0.00 ms.
Invoked RoslynAnalysisRunner static constructor.
RoslynAnalysisRunner will not be running.
RoslynAnalysisRunner has terminated.
Mono: successfully reloaded assembly
- Completed reload, in  2.296 seconds
Platform modules already initialized, skipping
Registering precompiled user dll's ...
Registered in 0.000874 seconds.
Begin MonoManager ReloadAssembly
Native extension for WindowsStandalone target not found
Native extension for WebGL target not found
Refreshing native plugins compatible for Editor in 42.81 ms, found 1 plugins.
Preloading 0 native plugins for Editor in 0.00 ms.
Invoked RoslynAnalysisRunner static constructor.
RoslynAnalysisRunner will not be running.
RoslynAnalysisRunner has terminated.
Mono: successfully reloaded assembly
- Completed reload, in  1.096 seconds
Platform modules already initialized, skipping
========================================================================
Worker process is ready to serve import requests
Launched and connected shader compiler UnityShaderCompiler.exe after 0.07 seconds
Refreshing native plugins compatible for Editor in 0.30 ms, found 1 plugins.
Preloading 0 native plugins for Editor in 0.00 ms.
Unloading 1828 Unused Serialized files (Serialized files now loaded: 0)
System memory in use before: 87.0 MB.
System memory in use after: 86.9 MB.

Unloading 24 unused Assets to reduce memory usage. Loaded Objects now: 2272.
Total: 2.049800 ms (FindLiveObjects: 0.195000 ms CreateObjectMapping: 0.159400 ms MarkObjects: 1.558500 ms  DeleteObjects: 0.135900 ms)

========================================================================
Received Import Request.
  path: Assets/Prefabs/Log1.prefab
  artifactKey: Guid(cc33f755f5978014aba3dde8bdcd3442) Importer(815301076,1909f56bfc062723c751e8b465ee728b)
Start importing Assets/Prefabs/Log1.prefab using Guid(cc33f755f5978014aba3dde8bdcd3442) Importer(815301076,1909f56bfc062723c751e8b465ee728b)  -> (artifact id: 'ef9841d82af285f76db189231835cd6e') in 1.000456 seconds
  Import took 1.140973 seconds .

========================================================================
Received Import Request.
  Time since last request: 10.278662 seconds.
  path: Assets/Prefabs/Log1.prefab
  artifactKey: Guid(cc33f755f5978014aba3dde8bdcd3442) Importer(815301076,1909f56bfc062723c751e8b465ee728b)
Start importing Assets/Prefabs/Log1.prefab using Guid(cc33f755f5978014aba3dde8bdcd3442) Importer(815301076,1909f56bfc062723c751e8b465ee728b)  -> (artifact id: 'e50c1e3ec87326f36408338e426c296b') in 0.035250 seconds
  Import took 0.153827 seconds .

========================================================================
Received Import Request.
  Time since last request: 1.931732 seconds.
  path: Assets/Prefabs/Log2.prefab
  artifactKey: Guid(908e83caea7883b4daddcd18fd81628a) Importer(815301076,1909f56bfc062723c751e8b465ee728b)
Start importing Assets/Prefabs/Log2.prefab using Guid(908e83caea7883b4daddcd18fd81628a) Importer(815301076,1909f56bfc062723c751e8b465ee728b)  -> (artifact id: 'ea73c107a6b6ee3451e023313a9423d6') in 0.057437 seconds
  Import took 0.269266 seconds .

========================================================================
Received Import Request.
  Time since last request: 1.617685 seconds.
  path: Assets/Prefabs/Log2.prefab
  artifactKey: Guid(908e83caea7883b4daddcd18fd81628a) Importer(815301076,1909f56bfc062723c751e8b465ee728b)
Start importing Assets/Prefabs/Log2.prefab using Guid(908e83caea7883b4daddcd18fd81628a) Importer(815301076,1909f56bfc062723c751e8b465ee728b)  -> (artifact id: '4280d2d26bad0bd6b3529221a27d5370') in 0.035423 seconds
  Import took 0.179670 seconds .

========================================================================
Received Import Request.
  Time since last request: 1.995223 seconds.
  path: Assets/Prefabs/Log3.prefab
  artifactKey: Guid(02240991feb48e34fb8016f0ad4c2cb7) Importer(815301076,1909f56bfc062723c751e8b465ee728b)
Start importing Assets/Prefabs/Log3.prefab using Guid(02240991feb48e34fb8016f0ad4c2cb7) Importer(815301076,1909f56bfc062723c751e8b465ee728b)  -> (artifact id: '94b97a5672ea9d4ade51414ad121f9b6') in 0.442131 seconds
  Import took 0.955107 seconds .

========================================================================
Received Import Request.
  Time since last request: 1.281401 seconds.
  path: Assets/Prefabs/Log3.prefab
  artifactKey: Guid(02240991feb48e34fb8016f0ad4c2cb7) Importer(815301076,1909f56bfc062723c751e8b465ee728b)
Start importing Assets/Prefabs/Log3.prefab using Guid(02240991feb48e34fb8016f0ad4c2cb7) Importer(815301076,1909f56bfc062723c751e8b465ee728b)  -> (artifact id: '6f71a3ff2635955b0691f1303f7597ff') in 0.016030 seconds
  Import took 0.339315 seconds .

========================================================================
Received Import Request.
  Time since last request: 5.648369 seconds.
  path: Assets/Prefabs/Log4.prefab
  artifactKey: Guid(6c65757ef540e114bac1c855304831be) Importer(815301076,1909f56bfc062723c751e8b465ee728b)
Start importing Assets/Prefabs/Log4.prefab using Guid(6c65757ef540e114bac1c855304831be) Importer(815301076,1909f56bfc062723c751e8b465ee728b)  -> (artifact id: '703371566f407dc0dce7a39cbab1d9b0') in 0.031264 seconds
  Import took 0.157595 seconds .

========================================================================
Received Import Request.
  Time since last request: 3.387560 seconds.
  path: Assets/Prefabs/Log4.prefab
  artifactKey: Guid(6c65757ef540e114bac1c855304831be) Importer(815301076,1909f56bfc062723c751e8b465ee728b)
Start importing Assets/Prefabs/Log4.prefab using Guid(6c65757ef540e114bac1c855304831be) Importer(815301076,1909f56bfc062723c751e8b465ee728b)  -> (artifact id: '4812e0b5290bd60d837e9bf7f89592b0') in 0.030777 seconds
  Import took 0.096468 seconds .

========================================================================
Received Import Request.
  Time since last request: 1.816809 seconds.
  path: Assets/Prefabs/Log5.prefab
  artifactKey: Guid(d8d8e8fd63d31a44dae36ad591e67f62) Importer(815301076,1909f56bfc062723c751e8b465ee728b)
Start importing Assets/Prefabs/Log5.prefab using Guid(d8d8e8fd63d31a44dae36ad591e67f62) Importer(815301076,1909f56bfc062723c751e8b465ee728b)  -> (artifact id: '5c69d69c1d00b797377529034cdfab0a') in 0.027335 seconds
  Import took 0.056773 seconds .

========================================================================
Received Import Request.
  Time since last request: 1.553303 seconds.
  path: Assets/Prefabs/Log5.prefab
  artifactKey: Guid(d8d8e8fd63d31a44dae36ad591e67f62) Importer(815301076,1909f56bfc062723c751e8b465ee728b)
Start importing Assets/Prefabs/Log5.prefab using Guid(d8d8e8fd63d31a44dae36ad591e67f62) Importer(815301076,1909f56bfc062723c751e8b465ee728b)  -> (artifact id: '1742fb133a8bf84628fe16baa801f411') in 0.056866 seconds
  Import took 0.126766 seconds .

========================================================================
Received Import Request.
  Time since last request: 1.300463 seconds.
  path: Assets/Prefabs/Log6.prefab
  artifactKey: Guid(3933c0e21002d6e45a659208aca1e1a6) Importer(815301076,1909f56bfc062723c751e8b465ee728b)
Start importing Assets/Prefabs/Log6.prefab using Guid(3933c0e21002d6e45a659208aca1e1a6) Importer(815301076,1909f56bfc062723c751e8b465ee728b)  -> (artifact id: '738539790cdb726b70fce25d436e58b0') in 0.021412 seconds
  Import took 0.102990 seconds .

========================================================================
Received Import Request.
  Time since last request: 1.792617 seconds.
  path: Assets/Prefabs/Log6.prefab
  artifactKey: Guid(3933c0e21002d6e45a659208aca1e1a6) Importer(815301076,1909f56bfc062723c751e8b465ee728b)
Start importing Assets/Prefabs/Log6.prefab using Guid(3933c0e21002d6e45a659208aca1e1a6) Importer(815301076,1909f56bfc062723c751e8b465ee728b)  -> (artifact id: '10821d8d8da382f49497d7422dc7f6f5') in 0.015560 seconds
  Import took 0.100277 seconds .

========================================================================
Received Prepare
Registering precompiled user dll's ...
Registered in 0.000842 seconds.
Begin MonoManager ReloadAssembly
Native extension for WindowsStandalone target not found
Native extension for WebGL target not found
Refreshing native plugins compatible for Editor in 0.31 ms, found 1 plugins.
Preloading 0 native plugins for Editor in 0.00 ms.
Invoked RoslynAnalysisRunner static constructor.
RoslynAnalysisRunner will not be running.
RoslynAnalysisRunner has terminated.
Mono: successfully reloaded assembly
- Completed reload, in  1.041 seconds
Platform modules already initialized, skipping
Switching build target platform(5) subTarget(0) extendedPlatform(0) -> platform(13) subTarget(537395200) extendedPlatform(0)
Refreshing native plugins compatible for Editor in 0.30 ms, found 1 plugins.
Preloading 0 native plugins for Editor in 0.00 ms.
Unloading 1813 Unused Serialized files (Serialized files now loaded: 0)
System memory in use before: 89.0 MB.
System memory in use after: 89.0 MB.

Unloading 14 unused Assets to reduce memory usage. Loaded Objects now: 2283.
Total: 3.992100 ms (FindLiveObjects: 0.885100 ms CreateObjectMapping: 0.295400 ms MarkObjects: 2.659600 ms  DeleteObjects: 0.150400 ms)

AssetImportParameters requested are different than current active one (requested -> active):
  custom:graphics/normal-map-encoding: 01000000000000000000000000000000 -> 02000000000000000000000000000000
========================================================================
Received Prepare
Registering precompiled user dll's ...
Registered in 0.000946 seconds.
Begin MonoManager ReloadAssembly
Native extension for WindowsStandalone target not found
Native extension for WebGL target not found
Refreshing native plugins compatible for Editor in 0.60 ms, found 1 plugins.
Preloading 0 native plugins for Editor in 0.00 ms.
Invoked RoslynAnalysisRunner static constructor.
RoslynAnalysisRunner will not be running.
RoslynAnalysisRunner has terminated.
Mono: successfully reloaded assembly
- Completed reload, in  1.218 seconds
Platform modules already initialized, skipping
Switching build target platform(5) subTarget(0) extendedPlatform(0) -> platform(13) subTarget(537395200) extendedPlatform(0)
Refreshing native plugins compatible for Editor in 0.39 ms, found 1 plugins.
Preloading 0 native plugins for Editor in 0.00 ms.
Unloading 1813 Unused Serialized files (Serialized files now loaded: 0)
System memory in use before: 89.0 MB.
System memory in use after: 89.0 MB.

Unloading 12 unused Assets to reduce memory usage. Loaded Objects now: 2287.
Total: 4.378500 ms (FindLiveObjects: 0.229300 ms CreateObjectMapping: 0.085500 ms MarkObjects: 2.161400 ms  DeleteObjects: 1.900700 ms)

AssetImportParameters requested are different than current active one (requested -> active):
  custom:graphics/normal-map-encoding: 01000000000000000000000000000000 -> 02000000000000000000000000000000
========================================================================
Received Prepare
Registering precompiled user dll's ...
Registered in 0.001108 seconds.
Begin MonoManager ReloadAssembly
Native extension for WindowsStandalone target not found
Native extension for WebGL target not found
Refreshing native plugins compatible for Editor in 0.31 ms, found 1 plugins.
Preloading 0 native plugins for Editor in 0.00 ms.
Invoked RoslynAnalysisRunner static constructor.
RoslynAnalysisRunner will not be running.
RoslynAnalysisRunner has terminated.
Mono: successfully reloaded assembly
- Completed reload, in  0.898 seconds
Platform modules already initialized, skipping
Switching build target platform(5) subTarget(0) extendedPlatform(0) -> platform(13) subTarget(537395200) extendedPlatform(0)
Refreshing native plugins compatible for Editor in 0.36 ms, found 1 plugins.
Preloading 0 native plugins for Editor in 0.00 ms.
Unloading 1813 Unused Serialized files (Serialized files now loaded: 0)
System memory in use before: 89.0 MB.
System memory in use after: 89.0 MB.

Unloading 12 unused Assets to reduce memory usage. Loaded Objects now: 2291.
Total: 2.358400 ms (FindLiveObjects: 0.189800 ms CreateObjectMapping: 0.062800 ms MarkObjects: 1.943600 ms  DeleteObjects: 0.161100 ms)

AssetImportParameters requested are different than current active one (requested -> active):
  custom:graphics/normal-map-encoding: 01000000000000000000000000000000 -> 02000000000000000000000000000000
========================================================================
Received Prepare
Registering precompiled user dll's ...
Registered in 0.000942 seconds.
Begin MonoManager ReloadAssembly
Native extension for WindowsStandalone target not found
Native extension for WebGL target not found
Refreshing native plugins compatible for Editor in 0.31 ms, found 1 plugins.
Preloading 0 native plugins for Editor in 0.00 ms.
Invoked RoslynAnalysisRunner static constructor.
RoslynAnalysisRunner will not be running.
RoslynAnalysisRunner has terminated.
Mono: successfully reloaded assembly
- Completed reload, in  0.931 seconds
Platform modules already initialized, skipping
Switching build target platform(5) subTarget(0) extendedPlatform(0) -> platform(13) subTarget(537395200) extendedPlatform(0)
Refreshing native plugins compatible for Editor in 0.30 ms, found 1 plugins.
Preloading 0 native plugins for Editor in 0.00 ms.
Unloading 1813 Unused Serialized files (Serialized files now loaded: 0)
System memory in use before: 89.0 MB.
System memory in use after: 89.0 MB.

Unloading 12 unused Assets to reduce memory usage. Loaded Objects now: 2295.
Total: 1.961300 ms (FindLiveObjects: 0.171700 ms CreateObjectMapping: 0.061600 ms MarkObjects: 1.591500 ms  DeleteObjects: 0.135800 ms)

AssetImportParameters requested are different than current active one (requested -> active):
  custom:graphics/normal-map-encoding: 01000000000000000000000000000000 -> 02000000000000000000000000000000
========================================================================
Received Prepare
Refreshing native plugins compatible for Editor in 1.44 ms, found 1 plugins.
Preloading 0 native plugins for Editor in 0.00 ms.
Unloading 10 Unused Serialized files (Serialized files now loaded: 0)
System memory in use before: 53.6 MB.
System memory in use after: 53.6 MB.

Unloading 10 unused Assets to reduce memory usage. Loaded Objects now: 2295.
Total: 2.044000 ms (FindLiveObjects: 0.201400 ms CreateObjectMapping: 0.071400 ms MarkObjects: 1.650900 ms  DeleteObjects: 0.119100 ms)

AssetImportWorkerClient::OnTransportError - code=2 error=End of file
